{
  "stats": {
    "suites": 1,
    "tests": 1,
    "passes": 1,
    "pending": 0,
    "failures": 0,
    "start": "2024-10-27T14:34:36.068Z",
    "end": "2024-10-27T14:34:42.936Z",
    "duration": 6868,
    "testsRegistered": 1,
    "passPercent": 100,
    "pendingPercent": 0,
    "other": 0,
    "hasOther": false,
    "skipped": 0,
    "hasSkipped": false
  },
  "results": [
    {
      "uuid": "aaa03f07-aa0f-41f5-83df-1c230de9047f",
      "title": "",
      "fullFile": "cypress\\integration\\examples\\test2.js",
      "file": "cypress\\integration\\examples\\test2.js",
      "beforeHooks": [],
      "afterHooks": [],
      "tests": [],
      "suites": [
        {
          "uuid": "af07f1bb-21fa-4ba2-817d-c8587b96672f",
          "title": "This is my second suite",
          "fullFile": "",
          "file": "",
          "beforeHooks": [],
          "afterHooks": [],
          "tests": [
            {
              "title": "This is my second case",
              "fullTitle": "This is my second suite This is my second case",
              "timedOut": null,
              "duration": 4223,
              "state": "passed",
              "speed": "fast",
              "pass": true,
              "fail": false,
              "pending": false,
              "context": "{\n  \"title\": \"cypress-mochawesome-reporter-videos-passed\",\n  \"value\": \"cypress\\\\integration\\\\examples\\\\test2.js\"\n}",
              "code": "cy.visit('https://rahulshettyacademy.com/AutomationPractice/');\ncy.get('#displayed-text').should('be.visible');\ncy.get('#hide-textbox').click();\ncy.get('#displayed-text').should('not.be.visible');\ncy.get('#show-textbox').click();\ncy.get('#displayed-text').should('be.visible');\ncy.get('#alertbtn').click();\ncy.get('#confirmbtn').click();\ncy.on('window:alert', str => expect(str).to.equal('Hello , share this practice page and share your knowledge'));\ncy.on('window:confirm', str => {\n  expect(str).to.equal('Hello , Are you sure you want to confirm?');\n});",
              "err": {},
              "uuid": "dc60e7f2-a9fe-4b98-bc03-6d0e6e6ff8a4",
              "parentUUID": "af07f1bb-21fa-4ba2-817d-c8587b96672f",
              "isHook": false,
              "skipped": false
            }
          ],
          "suites": [],
          "passes": [
            "dc60e7f2-a9fe-4b98-bc03-6d0e6e6ff8a4"
          ],
          "failures": [],
          "pending": [],
          "skipped": [],
          "duration": 4223,
          "root": false,
          "rootEmpty": false,
          "_timeout": 2000
        }
      ],
      "passes": [],
      "failures": [],
      "pending": [],
      "skipped": [],
      "duration": 0,
      "root": true,
      "rootEmpty": true,
      "_timeout": 2000
    }
  ],
  "meta": {
    "mocha": {
      "version": "7.0.1"
    },
    "mochawesome": {
      "options": {
        "quiet": false,
        "reportFilename": "mochawesome",
        "saveHtml": false,
        "saveJson": true,
        "consoleReporter": "spec",
        "useInlineDiffs": false,
        "code": true
      },
      "version": "7.1.3"
    },
    "marge": {
      "options": {
        "overwrite": false,
        "html": false,
        "json": true,
        "reportDir": "cypress\\reports\\html\\.jsons"
      },
      "version": "6.2.0"
    }
  }
}