{
  "stats": {
    "suites": 1,
    "tests": 1,
    "passes": 1,
    "pending": 0,
    "failures": 0,
    "start": "2024-10-27T14:34:18.625Z",
    "end": "2024-10-27T14:34:31.896Z",
    "duration": 13271,
    "testsRegistered": 1,
    "passPercent": 100,
    "pendingPercent": 0,
    "other": 0,
    "hasOther": false,
    "skipped": 0,
    "hasSkipped": false
  },
  "results": [
    {
      "uuid": "d0fd8545-3d08-41c7-9ec9-c11d649db5f6",
      "title": "",
      "fullFile": "cypress\\integration\\examples\\test1.js",
      "file": "cypress\\integration\\examples\\test1.js",
      "beforeHooks": [],
      "afterHooks": [],
      "tests": [],
      "suites": [
        {
          "uuid": "46f961e6-ac4e-402d-9e24-6ca04af4e243",
          "title": "This is my first test suite",
          "fullFile": "",
          "file": "",
          "beforeHooks": [],
          "afterHooks": [],
          "tests": [
            {
              "title": "This is my first case",
              "fullTitle": "This is my first test suite This is my first case",
              "timedOut": null,
              "duration": 9540,
              "state": "passed",
              "speed": "medium",
              "pass": true,
              "fail": false,
              "pending": false,
              "context": "{\n  \"title\": \"cypress-mochawesome-reporter-videos-passed\",\n  \"value\": \"cypress\\\\integration\\\\examples\\\\test1.js\"\n}",
              "code": "cy.visit('https://rahulshettyacademy.com/AutomationPractice/');\ncy.get('#checkBoxOption1').check().should('be.checked');\ncy.get('#checkBoxOption1').uncheck().should('not.be.checked');\ncy.get('[type=\"checkbox\"]').check();\ncy.get('select').select('option3').should('have.value', 'option3');\ncy.get('#autocomplete').type('united');\ncy.get('.ui-menu-item div').each(($e1, index, $list) => {\n  if ($e1.text() === 'United States (USA)') {\n    cy.wrap($e1).click();\n  }\n});\ncy.get('[value=\"radio3\"]').check().should('be.checked').and('have.value', 'radio3');",
              "err": {},
              "uuid": "5564a00b-1758-4e27-9377-2fe430d389be",
              "parentUUID": "46f961e6-ac4e-402d-9e24-6ca04af4e243",
              "isHook": false,
              "skipped": false
            }
          ],
          "suites": [],
          "passes": [
            "5564a00b-1758-4e27-9377-2fe430d389be"
          ],
          "failures": [],
          "pending": [],
          "skipped": [],
          "duration": 9540,
          "root": false,
          "rootEmpty": false,
          "_timeout": 2000
        }
      ],
      "passes": [],
      "failures": [],
      "pending": [],
      "skipped": [],
      "duration": 0,
      "root": true,
      "rootEmpty": true,
      "_timeout": 2000
    }
  ],
  "meta": {
    "mocha": {
      "version": "7.0.1"
    },
    "mochawesome": {
      "options": {
        "quiet": false,
        "reportFilename": "mochawesome",
        "saveHtml": false,
        "saveJson": true,
        "consoleReporter": "spec",
        "useInlineDiffs": false,
        "code": true
      },
      "version": "7.1.3"
    },
    "marge": {
      "options": {
        "overwrite": false,
        "html": false,
        "json": true,
        "reportDir": "cypress\\reports\\html\\.jsons"
      },
      "version": "6.2.0"
    }
  }
}